C:\USERS\RAFAEL\DESKTOP\GAME\GAME\DEBUG\SHADER_LOADER.OBJ
C:\USERS\RAFAEL\DESKTOP\GAME\GAME\DEBUG\MAIN.OBJ
C:\USERS\RAFAEL\DESKTOP\GAME\GAME\DEBUG\VC110.PDB
C:\USERS\RAFAEL\DESKTOP\GAME\DEBUG\GAME.ILK
C:\USERS\RAFAEL\DESKTOP\GAME\DEBUG\GAME.EXE
C:\USERS\RAFAEL\DESKTOP\GAME\DEBUG\GAME.PDB
C:\Users\Rafael\Desktop\Game\Game\Debug\main.obj
C:\Users\Rafael\Desktop\Game\Game\Debug\Shader_Loader.obj
C:\Users\Rafael\Desktop\Game\Game\Debug\cl.command.1.tlog
C:\Users\Rafael\Desktop\Game\Game\Debug\CL.read.1.tlog
C:\Users\Rafael\Desktop\Game\Game\Debug\CL.write.1.tlog
C:\Users\Rafael\Desktop\Game\Game\Debug\link-cvtres.read.1.tlog
C:\Users\Rafael\Desktop\Game\Game\Debug\link-cvtres.write.1.tlog
C:\Users\Rafael\Desktop\Game\Game\Debug\link-rc.read.1.tlog
C:\Users\Rafael\Desktop\Game\Game\Debug\link-rc.write.1.tlog
C:\Users\Rafael\Desktop\Game\Game\Debug\link.40436-cvtres.read.1.tlog
C:\Users\Rafael\Desktop\Game\Game\Debug\link.40436-cvtres.write.1.tlog
C:\Users\Rafael\Desktop\Game\Game\Debug\link.40436-rc.read.1.tlog
C:\Users\Rafael\Desktop\Game\Game\Debug\link.40436-rc.write.1.tlog
C:\Users\Rafael\Desktop\Game\Game\Debug\link.40436.read.1.tlog
C:\Users\Rafael\Desktop\Game\Game\Debug\link.40436.write.1.tlog
C:\Users\Rafael\Desktop\Game\Game\Debug\link.69660-cvtres.read.1.tlog
C:\Users\Rafael\Desktop\Game\Game\Debug\link.69660-cvtres.write.1.tlog
C:\Users\Rafael\Desktop\Game\Game\Debug\link.69660-rc.read.1.tlog
C:\Users\Rafael\Desktop\Game\Game\Debug\link.69660-rc.write.1.tlog
C:\Users\Rafael\Desktop\Game\Game\Debug\link.69660.read.1.tlog
C:\Users\Rafael\Desktop\Game\Game\Debug\link.69660.write.1.tlog
C:\Users\Rafael\Desktop\Game\Game\Debug\link.71036-cvtres.read.1.tlog
C:\Users\Rafael\Desktop\Game\Game\Debug\link.71036-cvtres.write.1.tlog
C:\Users\Rafael\Desktop\Game\Game\Debug\link.71036-rc.read.1.tlog
C:\Users\Rafael\Desktop\Game\Game\Debug\link.71036-rc.write.1.tlog
C:\Users\Rafael\Desktop\Game\Game\Debug\link.71036.read.1.tlog
C:\Users\Rafael\Desktop\Game\Game\Debug\link.71036.write.1.tlog
C:\Users\Rafael\Desktop\Game\Game\Debug\link.74772-cvtres.read.1.tlog
C:\Users\Rafael\Desktop\Game\Game\Debug\link.74772-cvtres.write.1.tlog
C:\Users\Rafael\Desktop\Game\Game\Debug\link.74772-rc.read.1.tlog
C:\Users\Rafael\Desktop\Game\Game\Debug\link.74772-rc.write.1.tlog
C:\Users\Rafael\Desktop\Game\Game\Debug\link.74772.read.1.tlog
C:\Users\Rafael\Desktop\Game\Game\Debug\link.74772.write.1.tlog
C:\Users\Rafael\Desktop\Game\Game\Debug\link.75072-cvtres.read.1.tlog
C:\Users\Rafael\Desktop\Game\Game\Debug\link.75072-cvtres.write.1.tlog
C:\Users\Rafael\Desktop\Game\Game\Debug\link.75072-rc.read.1.tlog
C:\Users\Rafael\Desktop\Game\Game\Debug\link.75072-rc.write.1.tlog
C:\Users\Rafael\Desktop\Game\Game\Debug\link.75072.read.1.tlog
C:\Users\Rafael\Desktop\Game\Game\Debug\link.75072.write.1.tlog
C:\Users\Rafael\Desktop\Game\Game\Debug\link.76672-cvtres.read.1.tlog
C:\Users\Rafael\Desktop\Game\Game\Debug\link.76672-cvtres.write.1.tlog
C:\Users\Rafael\Desktop\Game\Game\Debug\link.76672-rc.read.1.tlog
C:\Users\Rafael\Desktop\Game\Game\Debug\link.76672-rc.write.1.tlog
C:\Users\Rafael\Desktop\Game\Game\Debug\link.76672.read.1.tlog
C:\Users\Rafael\Desktop\Game\Game\Debug\link.76672.write.1.tlog
C:\Users\Rafael\Desktop\Game\Game\Debug\link.command.1.tlog
C:\Users\Rafael\Desktop\Game\Game\Debug\link.read.1.tlog
C:\Users\Rafael\Desktop\Game\Game\Debug\link.write.1.tlog
C:\Users\Rafael\Desktop\Game\Game\Debug\vc110.idb
C:\Users\Rafael\Desktop\Game\Game\Debug\vc110.pdb
C:\Users\Rafael\Desktop\Game\Debug\Game.pdb
C:\Users\Rafael\Desktop\Game\Debug\Game.exe
C:\Users\Rafael\Desktop\Game\Debug\Game.ilk
